<?xml version="1.0" encoding="UTF-8"?>
<testsuite xmlns:xsi="http://www.w3.org/2001/XMLSchema-instance" xsi:noNamespaceSchemaLocation="https://maven.apache.org/surefire/maven-surefire-plugin/xsd/surefire-test-report.xsd" name="com.comparator.api.services.test.ComparatorServiceTest" time="0.033" tests="10" errors="0" skipped="0" failures="0">
  <properties>
[...]
</properties>
  <testcase name="testSetLeftNull" classname="com.comparator.api.services.test.ComparatorServiceTest" time="0.006"/>
  <testcase name="testCompareNotEquals" classname="com.comparator.api.services.test.ComparatorServiceTest" time="0.008"/>
  <testcase name="testCompareSameSizeDiff" classname="com.comparator.api.services.test.ComparatorServiceTest" time="0.001"/>
  <testcase name="testCompareNotValidJson" classname="com.comparator.api.services.test.ComparatorServiceTest" time="0.002"/>
  <testcase name="testSetLeftBlank" classname="com.comparator.api.services.test.ComparatorServiceTest" time="0"/>
  <testcase name="testCompare" classname="com.comparator.api.services.test.ComparatorServiceTest" time="0"/>
  <testcase name="testSetRightBlank" classname="com.comparator.api.services.test.ComparatorServiceTest" time="0"/>
  <testcase name="testSetRightNull" classname="com.comparator.api.services.test.ComparatorServiceTest" time="0"/>
  <testcase name="testSetLeft" classname="com.comparator.api.services.test.ComparatorServiceTest" time="0.001"/>
  <testcase name="testSetRight" classname="com.comparator.api.services.test.ComparatorServiceTest" time="0"/>
</testsuite>